2023-11-25 16:23:13,368 - app - INFO - Opening Chrome in Testing Environment
2023-11-25 16:23:25,811 - app - INFO - Opening url: https://rategain.com/blog/
2023-11-25 16:23:47,973 - app - INFO - https://rategain.com/blog/ opened successfully.
2023-11-25 16:23:49,591 - app - INFO - Starting interation over all pages.
2023-11-25 16:24:03,662 - app - INFO - Finding all required elements on page 1
2023-11-25 16:24:03,881 - app - INFO - appending the gathered data.
2023-11-25 16:24:15,937 - app - INFO - Finding all required elements on page 2
2023-11-25 16:24:16,059 - app - INFO - appending the gathered data.
2023-11-25 16:24:23,026 - app - INFO - Time taken to Scrape https://rategain.com/blog/ : 33 seconds.
2023-11-25 16:24:23,026 - app - INFO - Creating an excel file.
2023-11-25 16:24:23,031 - app - INFO - Storing all gathered data to excel workbook.
2023-11-25 16:26:35,770 - app - INFO - Opening Chrome in Testing Environment
2023-11-25 16:26:49,392 - app - INFO - Opening url: https://rategain.com/blog/
2023-11-25 16:26:51,873 - app - INFO - https://rategain.com/blog/ opened successfully.
2023-11-25 16:26:54,083 - app - INFO - Starting interation over all pages.
2023-11-25 16:27:06,359 - app - INFO - Finding all required elements on page 1
2023-11-25 16:27:07,089 - app - INFO - appending the gathered data.
2023-11-25 16:27:16,965 - app - INFO - Finding all required elements on page 2
2023-11-25 16:27:17,080 - app - INFO - appending the gathered data.
2023-11-25 16:27:21,464 - app - INFO - Time taken to Scrape https://rategain.com/blog/ : 27 seconds.
2023-11-25 16:27:21,465 - app - INFO - Creating an excel file.
2023-11-25 16:27:21,470 - app - INFO - Storing all gathered data to excel workbook.
2023-11-25 16:29:53,311 - flask - INFO - Starting the Scraper
2023-11-25 16:31:17,458 - flask - INFO - Starting the Scraper
2023-11-25 16:31:25,514 - app - INFO - Opening Chrome in Testing Environment
2023-11-25 16:31:37,779 - app - INFO - Opening url: https://rategain.com/blog/
2023-11-25 16:31:43,502 - app - INFO - https://rategain.com/blog/ opened successfully.
2023-11-25 16:31:44,774 - app - INFO - Starting interation over all pages.
2023-11-25 16:31:57,253 - app - INFO - Finding all required elements on page 1
2023-11-25 16:31:57,455 - app - INFO - appending the gathered data.
2023-11-25 16:32:08,290 - app - INFO - Finding all required elements on page 2
2023-11-25 16:32:08,367 - app - INFO - appending the gathered data.
2023-11-25 16:32:11,662 - app - INFO - Time taken to Scrape https://rategain.com/blog/ : 26 seconds.
2023-11-25 16:32:11,662 - app - INFO - Creating an excel file.
2023-11-25 16:32:11,666 - app - INFO - Storing all gathered data to excel workbook.
2023-11-25 16:32:14,359 - flask - INFO - GET HTTP request -- status-code : 200
2023-11-25 16:36:17,395 - flask - INFO - Starting the Scraper
2023-11-25 16:36:44,172 - app - INFO - Opening Chrome in Testing Environment
2023-11-25 16:36:55,248 - app - INFO - Opening url: https://rategain.com/blog/
2023-11-25 16:37:00,197 - app - INFO - https://rategain.com/blog/ opened successfully.
2023-11-25 16:37:01,932 - app - INFO - Starting interation over all pages.
2023-11-25 16:37:14,085 - app - INFO - Finding all required elements on page 1
2023-11-25 16:37:14,314 - app - INFO - appending the gathered data.
2023-11-25 16:37:18,821 - app - INFO - Time taken to Scrape https://rategain.com/blog/ : 16 seconds.
2023-11-25 16:37:18,821 - app - INFO - Creating an excel file.
2023-11-25 16:37:18,824 - app - INFO - Storing all gathered data to excel workbook.
2023-11-25 16:37:21,402 - flask - INFO - GET HTTP request -- status-code : 200
2023-11-25 16:37:38,113 - app - INFO - Opening Chrome in Testing Environment
2023-11-25 16:37:50,228 - app - INFO - Opening url: https://rategain.com/blog/
2023-11-25 16:37:55,180 - app - INFO - https://rategain.com/blog/ opened successfully.
2023-11-25 16:37:56,204 - app - INFO - Starting interation over all pages.
2023-11-25 16:38:08,496 - app - INFO - Finding all required elements on page 1
2023-11-25 16:38:08,678 - app - INFO - appending the gathered data.
2023-11-25 16:38:12,574 - app - INFO - Time taken to Scrape https://rategain.com/blog/ : 16 seconds.
2023-11-25 16:38:12,575 - app - INFO - Creating an excel file.
2023-11-25 16:38:12,578 - app - INFO - Storing all gathered data to excel workbook.
2023-11-25 16:38:15,162 - flask - INFO - GET HTTP request -- status-code : 200
2023-11-25 16:41:08,096 - flask - INFO - Starting the Scraper
2023-11-25 16:41:23,563 - app - INFO - Opening Chrome in Testing Environment
2023-11-25 16:41:32,263 - app - INFO - Opening url: https://rategain.com/blog/
2023-11-25 16:41:40,238 - app - INFO - https://rategain.com/blog/ opened successfully.
2023-11-25 16:41:40,747 - app - INFO - Starting interation over all pages.
2023-11-25 16:41:52,876 - app - INFO - Finding all required elements on page 1
2023-11-25 16:41:53,004 - app - INFO - appending the gathered data.
2023-11-25 16:41:56,315 - app - INFO - Time taken to Scrape https://rategain.com/blog/ : 15 seconds.
2023-11-25 16:41:56,315 - app - INFO - Creating an excel file.
2023-11-25 16:41:56,321 - app - INFO - Storing all gathered data to excel workbook.
2023-11-25 16:41:59,129 - flask - INFO - GET HTTP request -- status-code : 200
2023-11-25 16:45:42,651 - flask - INFO - Starting the Scraper
2023-11-25 16:46:16,347 - app - INFO - Opening Chrome in Testing Environment
2023-11-25 16:46:24,505 - app - INFO - Opening url: https://rategain.com/blog/
2023-11-25 16:46:33,497 - app - INFO - https://rategain.com/blog/ opened successfully.
2023-11-25 16:46:33,966 - app - INFO - Starting interation over all pages.
2023-11-25 16:46:46,246 - app - INFO - Finding all required elements on page 1
2023-11-25 16:46:46,407 - app - INFO - appending the gathered data.
2023-11-25 16:46:55,702 - app - INFO - Finding all required elements on page 2
2023-11-25 16:46:55,875 - app - INFO - appending the gathered data.
2023-11-25 16:47:05,775 - app - INFO - Finding all required elements on page 3
2023-11-25 16:47:05,893 - app - INFO - appending the gathered data.
2023-11-25 16:47:15,856 - app - INFO - Finding all required elements on page 4
2023-11-25 16:47:16,030 - app - INFO - appending the gathered data.
2023-11-25 16:47:25,263 - app - INFO - Finding all required elements on page 5
2023-11-25 16:47:25,458 - app - INFO - appending the gathered data.
2023-11-25 16:47:37,900 - app - INFO - Finding all required elements on page 6
2023-11-25 16:47:38,096 - app - INFO - appending the gathered data.
2023-11-25 16:47:48,281 - app - INFO - Finding all required elements on page 7
2023-11-25 16:47:48,476 - app - INFO - appending the gathered data.
2023-11-25 16:47:58,379 - app - INFO - Finding all required elements on page 8
2023-11-25 16:47:58,579 - app - INFO - appending the gathered data.
2023-11-25 16:48:11,481 - app - INFO - Finding all required elements on page 9
2023-11-25 16:48:11,834 - app - INFO - appending the gathered data.
2023-11-25 16:48:24,778 - app - INFO - Finding all required elements on page 10
2023-11-25 16:48:24,875 - app - INFO - appending the gathered data.
2023-11-25 16:48:35,214 - app - INFO - Finding all required elements on page 11
2023-11-25 16:48:35,399 - app - INFO - appending the gathered data.
